[debug] [2026-03-10T19:33:52.665Z] ----------------------------------------------------------------------
[debug] [2026-03-10T19:33:52.667Z] Command:       C:\Program Files\nodejs\node.exe C:\Users\nisha\AppData\Roaming\npm\node_modules\firebase-tools\lib\bin\firebase.js deploy --only functions:backend
[debug] [2026-03-10T19:33:52.667Z] CLI Version:   15.6.0
[debug] [2026-03-10T19:33:52.667Z] Platform:      win32
[debug] [2026-03-10T19:33:52.667Z] Node Version:  v24.13.1
[debug] [2026-03-10T19:33:52.668Z] Time:          Wed Mar 11 2026 01:03:52 GMT+0530 (India Standard Time)
[debug] [2026-03-10T19:33:52.668Z] ----------------------------------------------------------------------
[debug] 
[debug] [2026-03-10T19:33:53.902Z] > command requires scopes: ["email","openid","https://www.googleapis.com/auth/cloudplatformprojects.readonly","https://www.googleapis.com/auth/firebase","https://www.googleapis.com/auth/cloud-platform"]
[debug] [2026-03-10T19:33:53.902Z] > authorizing via signed-in user (yuvancreationshrd@gmail.com)
[debug] [2026-03-10T19:33:53.903Z] [iam] checking project yuvan-creations-website for permissions ["cloudfunctions.functions.create","cloudfunctions.functions.delete","cloudfunctions.functions.get","cloudfunctions.functions.list","cloudfunctions.functions.update","cloudfunctions.operations.get","firebase.projects.get"]
[debug] [2026-03-10T19:33:53.903Z] Checked if tokens are valid: true, expires at: 1773173063525
[debug] [2026-03-10T19:33:53.904Z] Checked if tokens are valid: true, expires at: 1773173063525
[debug] [2026-03-10T19:33:53.904Z] >>> [apiv2][query] POST https://cloudresourcemanager.googleapis.com/v1/projects/yuvan-creations-website:testIamPermissions [none]
[debug] [2026-03-10T19:33:53.904Z] >>> [apiv2][(partial)header] POST https://cloudresourcemanager.googleapis.com/v1/projects/yuvan-creations-website:testIamPermissions  x-goog-user-project=yuvan-creations-website
[debug] [2026-03-10T19:33:53.905Z] >>> [apiv2][body] POST https://cloudresourcemanager.googleapis.com/v1/projects/yuvan-creations-website:testIamPermissions {"permissions":["cloudfunctions.functions.create","cloudfunctions.functions.delete","cloudfunctions.functions.get","cloudfunctions.functions.list","cloudfunctions.functions.update","cloudfunctions.operations.get","firebase.projects.get"]}
[debug] [2026-03-10T19:33:55.464Z] <<< [apiv2][status] POST https://cloudresourcemanager.googleapis.com/v1/projects/yuvan-creations-website:testIamPermissions 200
[debug] [2026-03-10T19:33:55.465Z] <<< [apiv2][body] POST https://cloudresourcemanager.googleapis.com/v1/projects/yuvan-creations-website:testIamPermissions {"permissions":["cloudfunctions.functions.create","cloudfunctions.functions.delete","cloudfunctions.functions.get","cloudfunctions.functions.list","cloudfunctions.functions.update","cloudfunctions.operations.get","firebase.projects.get"]}
[debug] [2026-03-10T19:33:55.465Z] Checked if tokens are valid: true, expires at: 1773173063525
[debug] [2026-03-10T19:33:55.465Z] Checked if tokens are valid: true, expires at: 1773173063525
[debug] [2026-03-10T19:33:55.465Z] >>> [apiv2][query] POST https://iam.googleapis.com/v1/projects/yuvan-creations-website/serviceAccounts/yuvan-creations-website@appspot.gserviceaccount.com:testIamPermissions [none]
[debug] [2026-03-10T19:33:55.466Z] >>> [apiv2][body] POST https://iam.googleapis.com/v1/projects/yuvan-creations-website/serviceAccounts/yuvan-creations-website@appspot.gserviceaccount.com:testIamPermissions {"permissions":["iam.serviceAccounts.actAs"]}
[debug] [2026-03-10T19:33:57.212Z] <<< [apiv2][status] POST https://iam.googleapis.com/v1/projects/yuvan-creations-website/serviceAccounts/yuvan-creations-website@appspot.gserviceaccount.com:testIamPermissions 200
[debug] [2026-03-10T19:33:57.212Z] <<< [apiv2][body] POST https://iam.googleapis.com/v1/projects/yuvan-creations-website/serviceAccounts/yuvan-creations-website@appspot.gserviceaccount.com:testIamPermissions {"permissions":["iam.serviceAccounts.actAs"]}
[info] 
[info] === Deploying to 'yuvan-creations-website'...
[info] 
[info] i  deploying functions 
[debug] [2026-03-10T19:33:57.218Z] Checked if tokens are valid: true, expires at: 1773173063525
[debug] [2026-03-10T19:33:57.219Z] Checked if tokens are valid: true, expires at: 1773173063525
[debug] [2026-03-10T19:33:57.219Z] >>> [apiv2][query] GET https://cloudresourcemanager.googleapis.com/v1/projects/yuvan-creations-website [none]
[debug] [2026-03-10T19:33:57.567Z] <<< [apiv2][status] GET https://cloudresourcemanager.googleapis.com/v1/projects/yuvan-creations-website 200
[debug] [2026-03-10T19:33:57.567Z] <<< [apiv2][body] GET https://cloudresourcemanager.googleapis.com/v1/projects/yuvan-creations-website {"projectNumber":"540062439412","projectId":"yuvan-creations-website","lifecycleState":"ACTIVE","name":"Yuvan Creations Website","labels":{"monospace-workspace-id":"studio-8305267988","firebase":"enabled","firebase-core":"disabled"},"createTime":"2025-07-19T08:48:48.581305Z"}
[info] i  functions: preparing codebase default for deployment 
[info] i  functions: ensuring required API cloudfunctions.googleapis.com is enabled... 
[info] i  functions: ensuring required API cloudbuild.googleapis.com is enabled... 
[info] i  artifactregistry: ensuring required API artifactregistry.googleapis.com is enabled... 
[debug] [2026-03-10T19:33:57.568Z] Checked if tokens are valid: true, expires at: 1773173063525
[debug] [2026-03-10T19:33:57.569Z] Checked if tokens are valid: true, expires at: 1773173063525
[debug] [2026-03-10T19:33:57.569Z] >>> [apiv2][query] GET https://firebase.googleapis.com/v1beta1/projects/yuvan-creations-website/adminSdkConfig [none]
[debug] [2026-03-10T19:33:58.048Z] <<< [apiv2][status] GET https://firebase.googleapis.com/v1beta1/projects/yuvan-creations-website/adminSdkConfig 200
[debug] [2026-03-10T19:33:58.049Z] <<< [apiv2][body] GET https://firebase.googleapis.com/v1beta1/projects/yuvan-creations-website/adminSdkConfig {"projectId":"yuvan-creations-website","storageBucket":"yuvan-creations-website.firebasestorage.app"}
[debug] [2026-03-10T19:33:58.050Z] Checked if tokens are valid: true, expires at: 1773173063525
[debug] [2026-03-10T19:33:58.050Z] Checked if tokens are valid: true, expires at: 1773173063525
[debug] [2026-03-10T19:33:58.050Z] >>> [apiv2][query] GET https://runtimeconfig.googleapis.com/v1beta1/projects/yuvan-creations-website/configs [none]
[debug] [2026-03-10T19:33:59.309Z] <<< [apiv2][status] GET https://runtimeconfig.googleapis.com/v1beta1/projects/yuvan-creations-website/configs 200
[debug] [2026-03-10T19:33:59.309Z] <<< [apiv2][body] GET https://runtimeconfig.googleapis.com/v1beta1/projects/yuvan-creations-website/configs {}
[debug] [2026-03-10T19:33:59.311Z] Validating nodejs source
[warn] !  functions: Runtime Node.js 20 will be deprecated on 2026-04-30 and will be decommissioned on 2026-10-30, after which you will not be able to deploy without upgrading. Consider upgrading now to avoid disruption. See https://cloud.google.com/functions/docs/runtime-support for full details on the lifecycle policy 
[warn] !  functions: package.json indicates an outdated version of firebase-functions. Please upgrade using npm install --save firebase-functions@latest in your functions directory. 
[warn] !  functions: Please note that there will be breaking changes when you upgrade. 
[debug] [2026-03-10T19:34:00.230Z] > [functions] package.json contents: {
  "name": "backend",
  "version": "1.0.0",
  "description": "",
  "main": "index.js",
  "scripts": {
    "start": "node server.js",
    "test": "echo \"No tests configured\""
  },
  "keywords": [],
  "author": "",
  "license": "ISC",
  "type": "commonjs",
  "dependencies": {
    "axios": "^1.13.6",
    "cors": "^2.8.6",
    "crypto-js": "^4.2.0",
    "dotenv": "^17.3.1",
    "express": "^5.2.1",
    "firebase-functions": "^5.1.1"
  }
}
[debug] [2026-03-10T19:34:00.230Z] Building nodejs source
[info] i  functions: Loading and analyzing source code for codebase default to determine what to deploy 
[debug] [2026-03-10T19:34:00.231Z] Could not find functions.yaml. Must use http discovery
[debug] [2026-03-10T19:34:00.237Z] Found firebase-functions binary at 'F:\YC\Website\backend\node_modules\.bin\firebase-functions'
[info] Serving at port 8403

[info] [dotenv@17.3.1] injecting env (16) from .env -- tip: 🛡️ auth for agents: https://vestauth.com

[info] [dotenv@17.3.1] injecting env (0) from .env -- tip: ⚙️  write to custom object with { processEnv: myObject }

[debug] [2026-03-10T19:34:00.710Z] Got response from /__/functions.yaml {"endpoints":{"backend":{"platform":"gcfv1","availableMemoryMb":null,"timeoutSeconds":null,"minInstances":null,"maxInstances":null,"ingressSettings":null,"serviceAccountEmail":null,"vpc":null,"region":["asia-south1"],"httpsTrigger":{},"entryPoint":"backend"}},"specVersion":"v1alpha1","requiredAPIs":[],"extensions":{}}
[info] i  extensions: ensuring required API firebaseextensions.googleapis.com is enabled... 
[debug] [2026-03-10T19:34:04.736Z] > command requires scopes: ["email","openid","https://www.googleapis.com/auth/cloudplatformprojects.readonly","https://www.googleapis.com/auth/firebase","https://www.googleapis.com/auth/cloud-platform"]
[debug] [2026-03-10T19:34:04.737Z] > authorizing via signed-in user (yuvancreationshrd@gmail.com)
[debug] [2026-03-10T19:34:04.737Z] [iam] checking project yuvan-creations-website for permissions ["firebase.projects.get","firebaseextensions.instances.list"]
[debug] [2026-03-10T19:34:04.737Z] Checked if tokens are valid: true, expires at: 1773173063525
[debug] [2026-03-10T19:34:04.737Z] Checked if tokens are valid: true, expires at: 1773173063525
[debug] [2026-03-10T19:34:04.737Z] >>> [apiv2][query] POST https://cloudresourcemanager.googleapis.com/v1/projects/yuvan-creations-website:testIamPermissions [none]
[debug] [2026-03-10T19:34:04.737Z] >>> [apiv2][(partial)header] POST https://cloudresourcemanager.googleapis.com/v1/projects/yuvan-creations-website:testIamPermissions  x-goog-user-project=yuvan-creations-website
[debug] [2026-03-10T19:34:04.737Z] >>> [apiv2][body] POST https://cloudresourcemanager.googleapis.com/v1/projects/yuvan-creations-website:testIamPermissions {"permissions":["firebase.projects.get","firebaseextensions.instances.list"]}
[debug] [2026-03-10T19:34:06.229Z] <<< [apiv2][status] POST https://cloudresourcemanager.googleapis.com/v1/projects/yuvan-creations-website:testIamPermissions 200
[debug] [2026-03-10T19:34:06.229Z] <<< [apiv2][body] POST https://cloudresourcemanager.googleapis.com/v1/projects/yuvan-creations-website:testIamPermissions {"permissions":["firebase.projects.get","firebaseextensions.instances.list"]}
[debug] [2026-03-10T19:34:06.231Z] Checked if tokens are valid: true, expires at: 1773173063525
[debug] [2026-03-10T19:34:06.231Z] Checked if tokens are valid: true, expires at: 1773173063525
[debug] [2026-03-10T19:34:06.232Z] >>> [apiv2][query] GET https://firebaseextensions.googleapis.com/v1beta/projects/yuvan-creations-website/instances pageSize=100&pageToken=
[debug] [2026-03-10T19:34:07.982Z] <<< [apiv2][status] GET https://firebaseextensions.googleapis.com/v1beta/projects/yuvan-creations-website/instances 200
[debug] [2026-03-10T19:34:07.982Z] <<< [apiv2][body] GET https://firebaseextensions.googleapis.com/v1beta/projects/yuvan-creations-website/instances {}
[info] i  functions: Loaded environment variables from .env. 
[info] i  functions: preparing backend directory for uploading... 
[info] i  functions: packaged F:\YC\Website\backend (46.51 KB) for uploading 
[debug] [2026-03-10T19:34:08.020Z] Checked if tokens are valid: true, expires at: 1773173063525
[debug] [2026-03-10T19:34:08.020Z] Checked if tokens are valid: true, expires at: 1773173063525
[debug] [2026-03-10T19:34:08.020Z] >>> [apiv2][query] GET https://cloudfunctions.googleapis.com/v1/projects/yuvan-creations-website/locations/-/functions [none]
[debug] [2026-03-10T19:34:08.937Z] <<< [apiv2][status] GET https://cloudfunctions.googleapis.com/v1/projects/yuvan-creations-website/locations/-/functions 200
[debug] [2026-03-10T19:34:08.937Z] <<< [apiv2][body] GET https://cloudfunctions.googleapis.com/v1/projects/yuvan-creations-website/locations/-/functions {"functions":[{"name":"projects/yuvan-creations-website/locations/asia-south1/functions/backend","httpsTrigger":{"url":"https://asia-south1-yuvan-creations-website.cloudfunctions.net/backend","securityLevel":"SECURE_ALWAYS"},"status":"ACTIVE","entryPoint":"backend","timeout":"60s","availableMemoryMb":256,"serviceAccountEmail":"yuvan-creations-website@appspot.gserviceaccount.com","updateTime":"2026-03-10T19:14:40.874847055Z","versionId":"1","labels":{"deployment-tool":"cli-firebase","firebase-functions-hash":"89aebb06979de448baef97c47ccaa80ab9c57838"},"sourceUploadUrl":"https://storage.googleapis.com/uploads-580126164463.asia-south1.cloudfunctions.appspot.com/48e5caa7-68f5-4148-88c4-24451471b622.zip","environmentVariables":{"APP_PORT":"5000","PHONEPE_MERCHANT_ID":"M236G5A568PSU","PHONEPE_SALT_KEY":"76108613-904e-486e-ac7f-e8a149736bfc","PHONEPE_SALT_INDEX":"1","PHONEPE_HOST":"https://api.phonepe.com/apis/hermes","PHONEPE_ENV":"production","PHONEPE_CLIENT_ID":"SU2510011750401548106040","PHONEPE_CLIENT_SECRET":"76108613-904e-486e-ac7f-e8a149736bfc","PHONEPE_CLIENT_VERSION":"1","PHONEPE_AUTH_URL":"https://api.phonepe.com/apis/identity-manager/v1/oauth/token","PHONEPE_PG_BASE_URL":"https://api.phonepe.com/apis/pg","PHONEPE_ORDER_EXPIRE_AFTER":"1200","PHONEPE_PAYMENT_MESSAGE":"Secure payment for Yuvan Creations","FRONTEND_URL":"https://yuvancreations.github.io/yuvancreations","BACKEND_PUBLIC_URL":"https://asia-south1-yuvan-creations-website.cloudfunctions.net/backend","BACKEND_URL":"https://asia-south1-yuvan-creations-website.cloudfunctions.net/backend","FIREBASE_CONFIG":"{\"projectId\":\"yuvan-creations-website\",\"storageBucket\":\"yuvan-creations-website.firebasestorage.app\"}","GCLOUD_PROJECT":"yuvan-creations-website","EVENTARC_CLOUD_EVENT_SOURCE":"projects/yuvan-creations-website/locations/asia-south1/functions/backend"},"runtime":"nodejs20","ingressSettings":"ALLOW_ALL","buildId":"2aa9809e-0b47-461e-8c62-8126415fc5a6","buildEnvironmentVariables":{"GOOGLE_NODE_RUN_SCRIPTS":""},"buildName":"projects/540062439412/locations/asia-south1/builds/2aa9809e-0b47-461e-8c62-8126415fc5a6","dockerRegistry":"ARTIFACT_REGISTRY","automaticUpdatePolicy":{},"buildServiceAccount":"projects/yuvan-creations-website/serviceAccounts/540062439412-compute@developer.gserviceaccount.com","satisfiesPzs":true,"satisfiesPzi":true}]}
[debug] [2026-03-10T19:34:08.937Z] Checked if tokens are valid: true, expires at: 1773173063525
[debug] [2026-03-10T19:34:08.937Z] Checked if tokens are valid: true, expires at: 1773173063525
[debug] [2026-03-10T19:34:08.937Z] >>> [apiv2][query] GET https://cloudfunctions.googleapis.com/v2/projects/yuvan-creations-website/locations/-/functions filter=environment%3D%22GEN_2%22
[debug] [2026-03-10T19:34:10.645Z] <<< [apiv2][status] GET https://cloudfunctions.googleapis.com/v2/projects/yuvan-creations-website/locations/-/functions 200
[debug] [2026-03-10T19:34:10.646Z] <<< [apiv2][body] GET https://cloudfunctions.googleapis.com/v2/projects/yuvan-creations-website/locations/-/functions {}
[debug] [2026-03-10T19:34:10.652Z] Checked if tokens are valid: true, expires at: 1773173063525
[debug] [2026-03-10T19:34:10.652Z] Checked if tokens are valid: true, expires at: 1773173063525
[debug] [2026-03-10T19:34:10.652Z] >>> [apiv2][query] GET https://cloudresourcemanager.googleapis.com/v1/projects/yuvan-creations-website [none]
[debug] [2026-03-10T19:34:10.994Z] <<< [apiv2][status] GET https://cloudresourcemanager.googleapis.com/v1/projects/yuvan-creations-website 200
[debug] [2026-03-10T19:34:10.994Z] <<< [apiv2][body] GET https://cloudresourcemanager.googleapis.com/v1/projects/yuvan-creations-website {"projectNumber":"540062439412","projectId":"yuvan-creations-website","lifecycleState":"ACTIVE","name":"Yuvan Creations Website","labels":{"monospace-workspace-id":"studio-8305267988","firebase":"enabled","firebase-core":"disabled"},"createTime":"2025-07-19T08:48:48.581305Z"}
[debug] [2026-03-10T19:34:10.996Z] Checked if tokens are valid: true, expires at: 1773173063525
[debug] [2026-03-10T19:34:10.996Z] Checked if tokens are valid: true, expires at: 1773173063525
[debug] [2026-03-10T19:34:10.996Z] >>> [apiv2][query] GET https://cloudbilling.googleapis.com/v1/projects/yuvan-creations-website/billingInfo [none]
[debug] [2026-03-10T19:34:12.383Z] <<< [apiv2][status] GET https://cloudbilling.googleapis.com/v1/projects/yuvan-creations-website/billingInfo 200
[debug] [2026-03-10T19:34:12.383Z] <<< [apiv2][body] GET https://cloudbilling.googleapis.com/v1/projects/yuvan-creations-website/billingInfo {"name":"projects/yuvan-creations-website/billingInfo","projectId":"yuvan-creations-website","billingAccountName":"billingAccounts/0108DF-78CF26-193FE6","billingEnabled":true}
[debug] [2026-03-10T19:34:12.386Z] Checked if tokens are valid: true, expires at: 1773173063525
[debug] [2026-03-10T19:34:12.386Z] Checked if tokens are valid: true, expires at: 1773173063525
[debug] [2026-03-10T19:34:12.388Z] >>> [apiv2][query] POST https://cloudfunctions.googleapis.com/v1/projects/yuvan-creations-website/locations/asia-south1/functions:generateUploadUrl [none]
[debug] [2026-03-10T19:34:12.388Z] >>> [apiv2][body] POST https://cloudfunctions.googleapis.com/v1/projects/yuvan-creations-website/locations/asia-south1/functions:generateUploadUrl {}
[debug] [2026-03-10T19:34:14.284Z] <<< [apiv2][status] POST https://cloudfunctions.googleapis.com/v1/projects/yuvan-creations-website/locations/asia-south1/functions:generateUploadUrl 200
[debug] [2026-03-10T19:34:14.284Z] <<< [apiv2][body] POST https://cloudfunctions.googleapis.com/v1/projects/yuvan-creations-website/locations/asia-south1/functions:generateUploadUrl {"uploadUrl":"https://storage.googleapis.com/uploads-580126164463.asia-south1.cloudfunctions.appspot.com/9813aa00-6f49-48f1-b0b2-8620e73d4e50.zip?GoogleAccessId=service-540062439412@gcf-admin-robot.iam.gserviceaccount.com&Expires=1773173057&Signature=m4v7Bg7a5XbKLPObfsqLAhulK0Pks%2F2HC%2Fh30m5wsSd%2BvUvR8E4VN9MayLdijWhPjVFZ3NsoCyTb7WXcykbFn%2F80Ej3k7JGEmjvwIWPKRMXX6cdsLy2DXj8QpS1AqUH79RFAkLwTa8%2F1WVnJRg1599ysgJ0uYOZVgObKWLqp6Y5b3D9hKWDZcboXkhP7ZuVTwcMc%2BdhCs8CvqwZvCf8TlkWe2xymAakWaZaEYm2dtJtfsg%2BXH%2B4dxfjIg5Zfj%2BVSa0xTrBrsq9XLC2PaeEDvE5MineHz9%2Bq%2FxQmGwhQOJRlAlqSrBNZJR%2Bg9PRdsEGDdxCUlK9m3QeYkSjLSLwmzlA%3D%3D"}
[debug] [2026-03-10T19:34:14.285Z] >>> [apiv2][query] PUT https://storage.googleapis.com/uploads-580126164463.asia-south1.cloudfunctions.appspot.com/9813aa00-6f49-48f1-b0b2-8620e73d4e50.zip GoogleAccessId=service-540062439412%40gcf-admin-robot.iam.gserviceaccount.com&Expires=1773173057&Signature=m4v7Bg7a5XbKLPObfsqLAhulK0Pks%2F2HC%2Fh30m5wsSd%2BvUvR8E4VN9MayLdijWhPjVFZ3NsoCyTb7WXcykbFn%2F80Ej3k7JGEmjvwIWPKRMXX6cdsLy2DXj8QpS1AqUH79RFAkLwTa8%2F1WVnJRg1599ysgJ0uYOZVgObKWLqp6Y5b3D9hKWDZcboXkhP7ZuVTwcMc%2BdhCs8CvqwZvCf8TlkWe2xymAakWaZaEYm2dtJtfsg%2BXH%2B4dxfjIg5Zfj%2BVSa0xTrBrsq9XLC2PaeEDvE5MineHz9%2Bq%2FxQmGwhQOJRlAlqSrBNZJR%2Bg9PRdsEGDdxCUlK9m3QeYkSjLSLwmzlA%3D%3D
[debug] [2026-03-10T19:34:14.286Z] >>> [apiv2][body] PUT https://storage.googleapis.com/uploads-580126164463.asia-south1.cloudfunctions.appspot.com/9813aa00-6f49-48f1-b0b2-8620e73d4e50.zip [stream]
[debug] [2026-03-10T19:34:14.523Z] <<< [apiv2][status] PUT https://storage.googleapis.com/uploads-580126164463.asia-south1.cloudfunctions.appspot.com/9813aa00-6f49-48f1-b0b2-8620e73d4e50.zip 200
[debug] [2026-03-10T19:34:14.523Z] <<< [apiv2][body] PUT https://storage.googleapis.com/uploads-580126164463.asia-south1.cloudfunctions.appspot.com/9813aa00-6f49-48f1-b0b2-8620e73d4e50.zip [omitted]
[info] +  functions: backend source uploaded successfully 
[info] i  functions: updating Node.js 20 (1st Gen) function backend(asia-south1)... 
[debug] [2026-03-10T19:34:14.526Z] Checked if tokens are valid: true, expires at: 1773173063525
[debug] [2026-03-10T19:34:14.526Z] Checked if tokens are valid: true, expires at: 1773173063525
[debug] [2026-03-10T19:34:14.526Z] >>> [apiv2][query] PATCH https://cloudfunctions.googleapis.com/v1/projects/yuvan-creations-website/locations/asia-south1/functions/backend updateMask=name%2CsourceUploadUrl%2CentryPoint%2Cruntime%2CdockerRegistry%2Clabels%2ChttpsTrigger.securityLevel%2CminInstances%2CmaxInstances%2CingressSettings%2CenvironmentVariables%2CserviceAccountEmail%2CavailableMemoryMb%2Ctimeout%2CvpcConnector%2CvpcConnectorEgressSettings%2CsourceToken%2CbuildEnvironmentVariables
[debug] [2026-03-10T19:34:14.526Z] >>> [apiv2][body] PATCH https://cloudfunctions.googleapis.com/v1/projects/yuvan-creations-website/locations/asia-south1/functions/backend {"name":"projects/yuvan-creations-website/locations/asia-south1/functions/backend","sourceUploadUrl":"https://storage.googleapis.com/uploads-580126164463.asia-south1.cloudfunctions.appspot.com/9813aa00-6f49-48f1-b0b2-8620e73d4e50.zip?GoogleAccessId=service-540062439412@gcf-admin-robot.iam.gserviceaccount.com&Expires=1773173057&Signature=m4v7Bg7a5XbKLPObfsqLAhulK0Pks%2F2HC%2Fh30m5wsSd%2BvUvR8E4VN9MayLdijWhPjVFZ3NsoCyTb7WXcykbFn%2F80Ej3k7JGEmjvwIWPKRMXX6cdsLy2DXj8QpS1AqUH79RFAkLwTa8%2F1WVnJRg1599ysgJ0uYOZVgObKWLqp6Y5b3D9hKWDZcboXkhP7ZuVTwcMc%2BdhCs8CvqwZvCf8TlkWe2xymAakWaZaEYm2dtJtfsg%2BXH%2B4dxfjIg5Zfj%2BVSa0xTrBrsq9XLC2PaeEDvE5MineHz9%2Bq%2FxQmGwhQOJRlAlqSrBNZJR%2Bg9PRdsEGDdxCUlK9m3QeYkSjLSLwmzlA%3D%3D","entryPoint":"backend","runtime":"nodejs20","dockerRegistry":"ARTIFACT_REGISTRY","labels":{"deployment-tool":"cli-firebase","firebase-functions-hash":"bdc3db461dfa22b304dcf2977332ad2bd01cd9ed"},"httpsTrigger":{"securityLevel":"SECURE_ALWAYS"},"minInstances":null,"maxInstances":null,"ingressSettings":null,"environmentVariables":{"APP_PORT":"5000","PHONEPE_MERCHANT_ID":"M236G5A568PSU","PHONEPE_SALT_KEY":"76108613-904e-486e-ac7f-e8a149736bfc","PHONEPE_SALT_INDEX":"1","PHONEPE_HOST":"https://api.phonepe.com/apis/hermes","PHONEPE_ENV":"production","PHONEPE_CLIENT_ID":"SU2510011750401548106040","PHONEPE_CLIENT_SECRET":"76108613-904e-486e-ac7f-e8a149736bfc","PHONEPE_CLIENT_VERSION":"1","PHONEPE_AUTH_URL":"https://api.phonepe.com/apis/identity-manager/v1/oauth/token","PHONEPE_PG_BASE_URL":"https://api.phonepe.com/apis/pg","PHONEPE_ORDER_EXPIRE_AFTER":"600","PHONEPE_PAYMENT_MESSAGE":"Secure payment for Yuvan Creations","FRONTEND_URL":"https://yuvancreations.github.io/yuvancreations","BACKEND_PUBLIC_URL":"https://asia-south1-yuvan-creations-website.cloudfunctions.net/backend","BACKEND_URL":"https://asia-south1-yuvan-creations-website.cloudfunctions.net/backend","FIREBASE_CONFIG":"{\"projectId\":\"yuvan-creations-website\",\"storageBucket\":\"yuvan-creations-website.firebasestorage.app\"}","GCLOUD_PROJECT":"yuvan-creations-website","EVENTARC_CLOUD_EVENT_SOURCE":"projects/yuvan-creations-website/locations/asia-south1/functions/backend"},"serviceAccountEmail":null,"availableMemoryMb":null,"timeout":null,"vpcConnector":null,"vpcConnectorEgressSettings":null,"buildEnvironmentVariables":{"GOOGLE_NODE_RUN_SCRIPTS":""}}
[debug] [2026-03-10T19:34:15.216Z] <<< [apiv2][status] PATCH https://cloudfunctions.googleapis.com/v1/projects/yuvan-creations-website/locations/asia-south1/functions/backend 200
[debug] [2026-03-10T19:34:15.217Z] <<< [apiv2][body] PATCH https://cloudfunctions.googleapis.com/v1/projects/yuvan-creations-website/locations/asia-south1/functions/backend {"name":"operations/eXV2YW4tY3JlYXRpb25zLXdlYnNpdGUvYXNpYS1zb3V0aDEvYmFja2VuZC9ZVWVBdnVsLXl2UQ","metadata":{"@type":"type.googleapis.com/google.cloud.functions.v1.OperationMetadataV1","target":"projects/yuvan-creations-website/locations/asia-south1/functions/backend","type":"UPDATE_FUNCTION","request":{"@type":"type.googleapis.com/google.cloud.functions.v1.CloudFunction","name":"projects/yuvan-creations-website/locations/asia-south1/functions/backend","httpsTrigger":{"url":"https://asia-south1-yuvan-creations-website.cloudfunctions.net/backend","securityLevel":"SECURE_ALWAYS"},"status":"ACTIVE","entryPoint":"backend","updateTime":"2026-03-10T19:14:39.044Z","versionId":"1","labels":{"deployment-tool":"cli-firebase","firebase-functions-hash":"bdc3db461dfa22b304dcf2977332ad2bd01cd9ed"},"sourceUploadUrl":"https://storage.googleapis.com/uploads-580126164463.asia-south1.cloudfunctions.appspot.com/9813aa00-6f49-48f1-b0b2-8620e73d4e50.zip?GoogleAccessId=service-540062439412@gcf-admin-robot.iam.gserviceaccount.com&Expires=1773173057&Signature=m4v7Bg7a5XbKLPObfsqLAhulK0Pks%2F2HC%2Fh30m5wsSd%2BvUvR8E4VN9MayLdijWhPjVFZ3NsoCyTb7WXcykbFn%2F80Ej3k7JGEmjvwIWPKRMXX6cdsLy2DXj8QpS1AqUH79RFAkLwTa8%2F1WVnJRg1599ysgJ0uYOZVgObKWLqp6Y5b3D9hKWDZcboXkhP7ZuVTwcMc%2BdhCs8CvqwZvCf8TlkWe2xymAakWaZaEYm2dtJtfsg%2BXH%2B4dxfjIg5Zfj%2BVSa0xTrBrsq9XLC2PaeEDvE5MineHz9%2Bq%2FxQmGwhQOJRlAlqSrBNZJR%2Bg9PRdsEGDdxCUlK9m3QeYkSjLSLwmzlA%3D%3D","environmentVariables":{"APP_PORT":"5000","PHONEPE_MERCHANT_ID":"M236G5A568PSU","PHONEPE_SALT_KEY":"76108613-904e-486e-ac7f-e8a149736bfc","PHONEPE_SALT_INDEX":"1","PHONEPE_HOST":"https://api.phonepe.com/apis/hermes","PHONEPE_ENV":"production","PHONEPE_CLIENT_ID":"SU2510011750401548106040","PHONEPE_CLIENT_SECRET":"76108613-904e-486e-ac7f-e8a149736bfc","PHONEPE_CLIENT_VERSION":"1","PHONEPE_AUTH_URL":"https://api.phonepe.com/apis/identity-manager/v1/oauth/token","PHONEPE_PG_BASE_URL":"https://api.phonepe.com/apis/pg","PHONEPE_ORDER_EXPIRE_AFTER":"600","PHONEPE_PAYMENT_MESSAGE":"Secure payment for Yuvan Creations","FRONTEND_URL":"https://yuvancreations.github.io/yuvancreations","BACKEND_PUBLIC_URL":"https://asia-south1-yuvan-creations-website.cloudfunctions.net/backend","BACKEND_URL":"https://asia-south1-yuvan-creations-website.cloudfunctions.net/backend","FIREBASE_CONFIG":"{\"projectId\":\"yuvan-creations-website\",\"storageBucket\":\"yuvan-creations-website.firebasestorage.app\"}","GCLOUD_PROJECT":"yuvan-creations-website","EVENTARC_CLOUD_EVENT_SOURCE":"projects/yuvan-creations-website/locations/asia-south1/functions/backend"},"runtime":"nodejs20","buildId":"2aa9809e-0b47-461e-8c62-8126415fc5a6","buildEnvironmentVariables":{"GOOGLE_NODE_RUN_SCRIPTS":""},"buildName":"projects/540062439412/locations/asia-south1/builds/2aa9809e-0b47-461e-8c62-8126415fc5a6","dockerRegistry":"ARTIFACT_REGISTRY","automaticUpdatePolicy":{},"buildServiceAccount":"projects/yuvan-creations-website/serviceAccounts/540062439412-compute@developer.gserviceaccount.com"},"versionId":"2","updateTime":"2026-03-10T19:34:18Z"}}
[debug] [2026-03-10T19:34:15.218Z] Checked if tokens are valid: true, expires at: 1773173063525
[debug] [2026-03-10T19:34:15.218Z] Checked if tokens are valid: true, expires at: 1773173063525
[debug] [2026-03-10T19:34:15.218Z] >>> [apiv2][query] GET https://cloudfunctions.googleapis.com/v1/operations/eXV2YW4tY3JlYXRpb25zLXdlYnNpdGUvYXNpYS1zb3V0aDEvYmFja2VuZC9ZVWVBdnVsLXl2UQ [none]
[debug] [2026-03-10T19:34:15.506Z] <<< [apiv2][status] GET https://cloudfunctions.googleapis.com/v1/operations/eXV2YW4tY3JlYXRpb25zLXdlYnNpdGUvYXNpYS1zb3V0aDEvYmFja2VuZC9ZVWVBdnVsLXl2UQ 200
[debug] [2026-03-10T19:34:15.506Z] <<< [apiv2][body] GET https://cloudfunctions.googleapis.com/v1/operations/eXV2YW4tY3JlYXRpb25zLXdlYnNpdGUvYXNpYS1zb3V0aDEvYmFja2VuZC9ZVWVBdnVsLXl2UQ {"name":"operations/eXV2YW4tY3JlYXRpb25zLXdlYnNpdGUvYXNpYS1zb3V0aDEvYmFja2VuZC9ZVWVBdnVsLXl2UQ","metadata":{"@type":"type.googleapis.com/google.cloud.functions.v1.OperationMetadataV1","target":"projects/yuvan-creations-website/locations/asia-south1/functions/backend","type":"UPDATE_FUNCTION","request":{"@type":"type.googleapis.com/google.cloud.functions.v1.CloudFunction","name":"projects/yuvan-creations-website/locations/asia-south1/functions/backend","httpsTrigger":{"url":"https://asia-south1-yuvan-creations-website.cloudfunctions.net/backend","securityLevel":"SECURE_ALWAYS"},"status":"ACTIVE","entryPoint":"backend","updateTime":"2026-03-10T19:14:39.044Z","versionId":"1","labels":{"deployment-tool":"cli-firebase","firebase-functions-hash":"bdc3db461dfa22b304dcf2977332ad2bd01cd9ed"},"sourceUploadUrl":"https://storage.googleapis.com/uploads-580126164463.asia-south1.cloudfunctions.appspot.com/9813aa00-6f49-48f1-b0b2-8620e73d4e50.zip?GoogleAccessId=service-540062439412@gcf-admin-robot.iam.gserviceaccount.com&Expires=1773173057&Signature=m4v7Bg7a5XbKLPObfsqLAhulK0Pks%2F2HC%2Fh30m5wsSd%2BvUvR8E4VN9MayLdijWhPjVFZ3NsoCyTb7WXcykbFn%2F80Ej3k7JGEmjvwIWPKRMXX6cdsLy2DXj8QpS1AqUH79RFAkLwTa8%2F1WVnJRg1599ysgJ0uYOZVgObKWLqp6Y5b3D9hKWDZcboXkhP7ZuVTwcMc%2BdhCs8CvqwZvCf8TlkWe2xymAakWaZaEYm2dtJtfsg%2BXH%2B4dxfjIg5Zfj%2BVSa0xTrBrsq9XLC2PaeEDvE5MineHz9%2Bq%2FxQmGwhQOJRlAlqSrBNZJR%2Bg9PRdsEGDdxCUlK9m3QeYkSjLSLwmzlA%3D%3D","environmentVariables":{"APP_PORT":"5000","PHONEPE_MERCHANT_ID":"M236G5A568PSU","PHONEPE_SALT_KEY":"76108613-904e-486e-ac7f-e8a149736bfc","PHONEPE_SALT_INDEX":"1","PHONEPE_HOST":"https://api.phonepe.com/apis/hermes","PHONEPE_ENV":"production","PHONEPE_CLIENT_ID":"SU2510011750401548106040","PHONEPE_CLIENT_SECRET":"76108613-904e-486e-ac7f-e8a149736bfc","PHONEPE_CLIENT_VERSION":"1","PHONEPE_AUTH_URL":"https://api.phonepe.com/apis/identity-manager/v1/oauth/token","PHONEPE_PG_BASE_URL":"https://api.phonepe.com/apis/pg","PHONEPE_ORDER_EXPIRE_AFTER":"600","PHONEPE_PAYMENT_MESSAGE":"Secure payment for Yuvan Creations","FRONTEND_URL":"https://yuvancreations.github.io/yuvancreations","BACKEND_PUBLIC_URL":"https://asia-south1-yuvan-creations-website.cloudfunctions.net/backend","BACKEND_URL":"https://asia-south1-yuvan-creations-website.cloudfunctions.net/backend","FIREBASE_CONFIG":"{\"projectId\":\"yuvan-creations-website\",\"storageBucket\":\"yuvan-creations-website.firebasestorage.app\"}","GCLOUD_PROJECT":"yuvan-creations-website","EVENTARC_CLOUD_EVENT_SOURCE":"projects/yuvan-creations-website/locations/asia-south1/functions/backend"},"runtime":"nodejs20","buildId":"2aa9809e-0b47-461e-8c62-8126415fc5a6","buildEnvironmentVariables":{"GOOGLE_NODE_RUN_SCRIPTS":""},"buildName":"projects/540062439412/locations/asia-south1/builds/2aa9809e-0b47-461e-8c62-8126415fc5a6","dockerRegistry":"ARTIFACT_REGISTRY","automaticUpdatePolicy":{},"buildServiceAccount":"projects/yuvan-creations-website/serviceAccounts/540062439412-compute@developer.gserviceaccount.com"},"versionId":"2","updateTime":"2026-03-10T19:34:18Z"}}
[debug] [2026-03-10T19:34:16.021Z] [update-default-asia-south1-backend] Retrying task index 0
[debug] [2026-03-10T19:34:16.021Z] Checked if tokens are valid: true, expires at: 1773173063525
[debug] [2026-03-10T19:34:16.021Z] Checked if tokens are valid: true, expires at: 1773173063525
[debug] [2026-03-10T19:34:16.022Z] >>> [apiv2][query] GET https://cloudfunctions.googleapis.com/v1/operations/eXV2YW4tY3JlYXRpb25zLXdlYnNpdGUvYXNpYS1zb3V0aDEvYmFja2VuZC9ZVWVBdnVsLXl2UQ [none]
[debug] [2026-03-10T19:34:16.336Z] <<< [apiv2][status] GET https://cloudfunctions.googleapis.com/v1/operations/eXV2YW4tY3JlYXRpb25zLXdlYnNpdGUvYXNpYS1zb3V0aDEvYmFja2VuZC9ZVWVBdnVsLXl2UQ 200
[debug] [2026-03-10T19:34:16.336Z] <<< [apiv2][body] GET https://cloudfunctions.googleapis.com/v1/operations/eXV2YW4tY3JlYXRpb25zLXdlYnNpdGUvYXNpYS1zb3V0aDEvYmFja2VuZC9ZVWVBdnVsLXl2UQ {"name":"operations/eXV2YW4tY3JlYXRpb25zLXdlYnNpdGUvYXNpYS1zb3V0aDEvYmFja2VuZC9ZVWVBdnVsLXl2UQ","metadata":{"@type":"type.googleapis.com/google.cloud.functions.v1.OperationMetadataV1","target":"projects/yuvan-creations-website/locations/asia-south1/functions/backend","type":"UPDATE_FUNCTION","request":{"@type":"type.googleapis.com/google.cloud.functions.v1.CloudFunction","name":"projects/yuvan-creations-website/locations/asia-south1/functions/backend","httpsTrigger":{"url":"https://asia-south1-yuvan-creations-website.cloudfunctions.net/backend","securityLevel":"SECURE_ALWAYS"},"status":"ACTIVE","entryPoint":"backend","updateTime":"2026-03-10T19:14:39.044Z","versionId":"1","labels":{"deployment-tool":"cli-firebase","firebase-functions-hash":"bdc3db461dfa22b304dcf2977332ad2bd01cd9ed"},"sourceUploadUrl":"https://storage.googleapis.com/uploads-580126164463.asia-south1.cloudfunctions.appspot.com/9813aa00-6f49-48f1-b0b2-8620e73d4e50.zip?GoogleAccessId=service-540062439412@gcf-admin-robot.iam.gserviceaccount.com&Expires=1773173057&Signature=m4v7Bg7a5XbKLPObfsqLAhulK0Pks%2F2HC%2Fh30m5wsSd%2BvUvR8E4VN9MayLdijWhPjVFZ3NsoCyTb7WXcykbFn%2F80Ej3k7JGEmjvwIWPKRMXX6cdsLy2DXj8QpS1AqUH79RFAkLwTa8%2F1WVnJRg1599ysgJ0uYOZVgObKWLqp6Y5b3D9hKWDZcboXkhP7ZuVTwcMc%2BdhCs8CvqwZvCf8TlkWe2xymAakWaZaEYm2dtJtfsg%2BXH%2B4dxfjIg5Zfj%2BVSa0xTrBrsq9XLC2PaeEDvE5MineHz9%2Bq%2FxQmGwhQOJRlAlqSrBNZJR%2Bg9PRdsEGDdxCUlK9m3QeYkSjLSLwmzlA%3D%3D","environmentVariables":{"APP_PORT":"5000","PHONEPE_MERCHANT_ID":"M236G5A568PSU","PHONEPE_SALT_KEY":"76108613-904e-486e-ac7f-e8a149736bfc","PHONEPE_SALT_INDEX":"1","PHONEPE_HOST":"https://api.phonepe.com/apis/hermes","PHONEPE_ENV":"production","PHONEPE_CLIENT_ID":"SU2510011750401548106040","PHONEPE_CLIENT_SECRET":"76108613-904e-486e-ac7f-e8a149736bfc","PHONEPE_CLIENT_VERSION":"1","PHONEPE_AUTH_URL":"https://api.phonepe.com/apis/identity-manager/v1/oauth/token","PHONEPE_PG_BASE_URL":"https://api.phonepe.com/apis/pg","PHONEPE_ORDER_EXPIRE_AFTER":"600","PHONEPE_PAYMENT_MESSAGE":"Secure payment for Yuvan Creations","FRONTEND_URL":"https://yuvancreations.github.io/yuvancreations","BACKEND_PUBLIC_URL":"https://asia-south1-yuvan-creations-website.cloudfunctions.net/backend","BACKEND_URL":"https://asia-south1-yuvan-creations-website.cloudfunctions.net/backend","FIREBASE_CONFIG":"{\"projectId\":\"yuvan-creations-website\",\"storageBucket\":\"yuvan-creations-website.firebasestorage.app\"}","GCLOUD_PROJECT":"yuvan-creations-website","EVENTARC_CLOUD_EVENT_SOURCE":"projects/yuvan-creations-website/locations/asia-south1/functions/backend"},"runtime":"nodejs20","buildId":"2aa9809e-0b47-461e-8c62-8126415fc5a6","buildEnvironmentVariables":{"GOOGLE_NODE_RUN_SCRIPTS":""},"buildName":"projects/540062439412/locations/asia-south1/builds/2aa9809e-0b47-461e-8c62-8126415fc5a6","dockerRegistry":"ARTIFACT_REGISTRY","automaticUpdatePolicy":{},"buildServiceAccount":"projects/yuvan-creations-website/serviceAccounts/540062439412-compute@developer.gserviceaccount.com"},"versionId":"2","updateTime":"2026-03-10T19:34:18Z"}}
[debug] [2026-03-10T19:34:17.343Z] [update-default-asia-south1-backend] Retrying task index 0
[debug] [2026-03-10T19:34:17.344Z] Checked if tokens are valid: true, expires at: 1773173063525
[debug] [2026-03-10T19:34:17.344Z] Checked if tokens are valid: true, expires at: 1773173063525
[debug] [2026-03-10T19:34:17.344Z] >>> [apiv2][query] GET https://cloudfunctions.googleapis.com/v1/operations/eXV2YW4tY3JlYXRpb25zLXdlYnNpdGUvYXNpYS1zb3V0aDEvYmFja2VuZC9ZVWVBdnVsLXl2UQ [none]
[debug] [2026-03-10T19:34:17.584Z] <<< [apiv2][status] GET https://cloudfunctions.googleapis.com/v1/operations/eXV2YW4tY3JlYXRpb25zLXdlYnNpdGUvYXNpYS1zb3V0aDEvYmFja2VuZC9ZVWVBdnVsLXl2UQ 200
[debug] [2026-03-10T19:34:17.584Z] <<< [apiv2][body] GET https://cloudfunctions.googleapis.com/v1/operations/eXV2YW4tY3JlYXRpb25zLXdlYnNpdGUvYXNpYS1zb3V0aDEvYmFja2VuZC9ZVWVBdnVsLXl2UQ {"name":"operations/eXV2YW4tY3JlYXRpb25zLXdlYnNpdGUvYXNpYS1zb3V0aDEvYmFja2VuZC9ZVWVBdnVsLXl2UQ","metadata":{"@type":"type.googleapis.com/google.cloud.functions.v1.OperationMetadataV1","target":"projects/yuvan-creations-website/locations/asia-south1/functions/backend","type":"UPDATE_FUNCTION","request":{"@type":"type.googleapis.com/google.cloud.functions.v1.CloudFunction","name":"projects/yuvan-creations-website/locations/asia-south1/functions/backend","httpsTrigger":{"url":"https://asia-south1-yuvan-creations-website.cloudfunctions.net/backend","securityLevel":"SECURE_ALWAYS"},"status":"ACTIVE","entryPoint":"backend","updateTime":"2026-03-10T19:14:39.044Z","versionId":"1","labels":{"deployment-tool":"cli-firebase","firebase-functions-hash":"bdc3db461dfa22b304dcf2977332ad2bd01cd9ed"},"sourceUploadUrl":"https://storage.googleapis.com/uploads-580126164463.asia-south1.cloudfunctions.appspot.com/9813aa00-6f49-48f1-b0b2-8620e73d4e50.zip?GoogleAccessId=service-540062439412@gcf-admin-robot.iam.gserviceaccount.com&Expires=1773173057&Signature=m4v7Bg7a5XbKLPObfsqLAhulK0Pks%2F2HC%2Fh30m5wsSd%2BvUvR8E4VN9MayLdijWhPjVFZ3NsoCyTb7WXcykbFn%2F80Ej3k7JGEmjvwIWPKRMXX6cdsLy2DXj8QpS1AqUH79RFAkLwTa8%2F1WVnJRg1599ysgJ0uYOZVgObKWLqp6Y5b3D9hKWDZcboXkhP7ZuVTwcMc%2BdhCs8CvqwZvCf8TlkWe2xymAakWaZaEYm2dtJtfsg%2BXH%2B4dxfjIg5Zfj%2BVSa0xTrBrsq9XLC2PaeEDvE5MineHz9%2Bq%2FxQmGwhQOJRlAlqSrBNZJR%2Bg9PRdsEGDdxCUlK9m3QeYkSjLSLwmzlA%3D%3D","environmentVariables":{"APP_PORT":"5000","PHONEPE_MERCHANT_ID":"M236G5A568PSU","PHONEPE_SALT_KEY":"76108613-904e-486e-ac7f-e8a149736bfc","PHONEPE_SALT_INDEX":"1","PHONEPE_HOST":"https://api.phonepe.com/apis/hermes","PHONEPE_ENV":"production","PHONEPE_CLIENT_ID":"SU2510011750401548106040","PHONEPE_CLIENT_SECRET":"76108613-904e-486e-ac7f-e8a149736bfc","PHONEPE_CLIENT_VERSION":"1","PHONEPE_AUTH_URL":"https://api.phonepe.com/apis/identity-manager/v1/oauth/token","PHONEPE_PG_BASE_URL":"https://api.phonepe.com/apis/pg","PHONEPE_ORDER_EXPIRE_AFTER":"600","PHONEPE_PAYMENT_MESSAGE":"Secure payment for Yuvan Creations","FRONTEND_URL":"https://yuvancreations.github.io/yuvancreations","BACKEND_PUBLIC_URL":"https://asia-south1-yuvan-creations-website.cloudfunctions.net/backend","BACKEND_URL":"https://asia-south1-yuvan-creations-website.cloudfunctions.net/backend","FIREBASE_CONFIG":"{\"projectId\":\"yuvan-creations-website\",\"storageBucket\":\"yuvan-creations-website.firebasestorage.app\"}","GCLOUD_PROJECT":"yuvan-creations-website","EVENTARC_CLOUD_EVENT_SOURCE":"projects/yuvan-creations-website/locations/asia-south1/functions/backend"},"runtime":"nodejs20","buildId":"2aa9809e-0b47-461e-8c62-8126415fc5a6","buildEnvironmentVariables":{"GOOGLE_NODE_RUN_SCRIPTS":""},"buildName":"projects/540062439412/locations/asia-south1/builds/2aa9809e-0b47-461e-8c62-8126415fc5a6","dockerRegistry":"ARTIFACT_REGISTRY","automaticUpdatePolicy":{},"buildServiceAccount":"projects/yuvan-creations-website/serviceAccounts/540062439412-compute@developer.gserviceaccount.com"},"versionId":"2","updateTime":"2026-03-10T19:34:19Z"}}
[debug] [2026-03-10T19:34:19.599Z] [update-default-asia-south1-backend] Retrying task index 0
[debug] [2026-03-10T19:34:19.601Z] Checked if tokens are valid: true, expires at: 1773173063525
[debug] [2026-03-10T19:34:19.601Z] Checked if tokens are valid: true, expires at: 1773173063525
[debug] [2026-03-10T19:34:19.602Z] >>> [apiv2][query] GET https://cloudfunctions.googleapis.com/v1/operations/eXV2YW4tY3JlYXRpb25zLXdlYnNpdGUvYXNpYS1zb3V0aDEvYmFja2VuZC9ZVWVBdnVsLXl2UQ [none]
[debug] [2026-03-10T19:34:19.910Z] <<< [apiv2][status] GET https://cloudfunctions.googleapis.com/v1/operations/eXV2YW4tY3JlYXRpb25zLXdlYnNpdGUvYXNpYS1zb3V0aDEvYmFja2VuZC9ZVWVBdnVsLXl2UQ 200
[debug] [2026-03-10T19:34:19.911Z] <<< [apiv2][body] GET https://cloudfunctions.googleapis.com/v1/operations/eXV2YW4tY3JlYXRpb25zLXdlYnNpdGUvYXNpYS1zb3V0aDEvYmFja2VuZC9ZVWVBdnVsLXl2UQ {"name":"operations/eXV2YW4tY3JlYXRpb25zLXdlYnNpdGUvYXNpYS1zb3V0aDEvYmFja2VuZC9ZVWVBdnVsLXl2UQ","metadata":{"@type":"type.googleapis.com/google.cloud.functions.v1.OperationMetadataV1","target":"projects/yuvan-creations-website/locations/asia-south1/functions/backend","type":"UPDATE_FUNCTION","request":{"@type":"type.googleapis.com/google.cloud.functions.v1.CloudFunction","name":"projects/yuvan-creations-website/locations/asia-south1/functions/backend","httpsTrigger":{"url":"https://asia-south1-yuvan-creations-website.cloudfunctions.net/backend","securityLevel":"SECURE_ALWAYS"},"status":"ACTIVE","entryPoint":"backend","updateTime":"2026-03-10T19:14:39.044Z","versionId":"1","labels":{"deployment-tool":"cli-firebase","firebase-functions-hash":"bdc3db461dfa22b304dcf2977332ad2bd01cd9ed"},"sourceUploadUrl":"https://storage.googleapis.com/uploads-580126164463.asia-south1.cloudfunctions.appspot.com/9813aa00-6f49-48f1-b0b2-8620e73d4e50.zip?GoogleAccessId=service-540062439412@gcf-admin-robot.iam.gserviceaccount.com&Expires=1773173057&Signature=m4v7Bg7a5XbKLPObfsqLAhulK0Pks%2F2HC%2Fh30m5wsSd%2BvUvR8E4VN9MayLdijWhPjVFZ3NsoCyTb7WXcykbFn%2F80Ej3k7JGEmjvwIWPKRMXX6cdsLy2DXj8QpS1AqUH79RFAkLwTa8%2F1WVnJRg1599ysgJ0uYOZVgObKWLqp6Y5b3D9hKWDZcboXkhP7ZuVTwcMc%2BdhCs8CvqwZvCf8TlkWe2xymAakWaZaEYm2dtJtfsg%2BXH%2B4dxfjIg5Zfj%2BVSa0xTrBrsq9XLC2PaeEDvE5MineHz9%2Bq%2FxQmGwhQOJRlAlqSrBNZJR%2Bg9PRdsEGDdxCUlK9m3QeYkSjLSLwmzlA%3D%3D","environmentVariables":{"APP_PORT":"5000","PHONEPE_MERCHANT_ID":"M236G5A568PSU","PHONEPE_SALT_KEY":"76108613-904e-486e-ac7f-e8a149736bfc","PHONEPE_SALT_INDEX":"1","PHONEPE_HOST":"https://api.phonepe.com/apis/hermes","PHONEPE_ENV":"production","PHONEPE_CLIENT_ID":"SU2510011750401548106040","PHONEPE_CLIENT_SECRET":"76108613-904e-486e-ac7f-e8a149736bfc","PHONEPE_CLIENT_VERSION":"1","PHONEPE_AUTH_URL":"https://api.phonepe.com/apis/identity-manager/v1/oauth/token","PHONEPE_PG_BASE_URL":"https://api.phonepe.com/apis/pg","PHONEPE_ORDER_EXPIRE_AFTER":"600","PHONEPE_PAYMENT_MESSAGE":"Secure payment for Yuvan Creations","FRONTEND_URL":"https://yuvancreations.github.io/yuvancreations","BACKEND_PUBLIC_URL":"https://asia-south1-yuvan-creations-website.cloudfunctions.net/backend","BACKEND_URL":"https://asia-south1-yuvan-creations-website.cloudfunctions.net/backend","FIREBASE_CONFIG":"{\"projectId\":\"yuvan-creations-website\",\"storageBucket\":\"yuvan-creations-website.firebasestorage.app\"}","GCLOUD_PROJECT":"yuvan-creations-website","EVENTARC_CLOUD_EVENT_SOURCE":"projects/yuvan-creations-website/locations/asia-south1/functions/backend"},"runtime":"nodejs20","buildId":"2aa9809e-0b47-461e-8c62-8126415fc5a6","buildEnvironmentVariables":{"GOOGLE_NODE_RUN_SCRIPTS":""},"buildName":"projects/540062439412/locations/asia-south1/builds/2aa9809e-0b47-461e-8c62-8126415fc5a6","dockerRegistry":"ARTIFACT_REGISTRY","automaticUpdatePolicy":{},"buildServiceAccount":"projects/yuvan-creations-website/serviceAccounts/540062439412-compute@developer.gserviceaccount.com"},"versionId":"2","updateTime":"2026-03-10T19:34:19Z","buildId":"86aca2a3-074f-4fd9-9103-319ab25bc781","buildName":"projects/540062439412/locations/asia-south1/builds/86aca2a3-074f-4fd9-9103-319ab25bc781"}}
[debug] [2026-03-10T19:34:23.918Z] [update-default-asia-south1-backend] Retrying task index 0
[debug] [2026-03-10T19:34:23.919Z] Checked if tokens are valid: true, expires at: 1773173063525
[debug] [2026-03-10T19:34:23.920Z] Checked if tokens are valid: true, expires at: 1773173063525
[debug] [2026-03-10T19:34:23.920Z] >>> [apiv2][query] GET https://cloudfunctions.googleapis.com/v1/operations/eXV2YW4tY3JlYXRpb25zLXdlYnNpdGUvYXNpYS1zb3V0aDEvYmFja2VuZC9ZVWVBdnVsLXl2UQ [none]
[debug] [2026-03-10T19:34:24.250Z] <<< [apiv2][status] GET https://cloudfunctions.googleapis.com/v1/operations/eXV2YW4tY3JlYXRpb25zLXdlYnNpdGUvYXNpYS1zb3V0aDEvYmFja2VuZC9ZVWVBdnVsLXl2UQ 200
[debug] [2026-03-10T19:34:24.251Z] <<< [apiv2][body] GET https://cloudfunctions.googleapis.com/v1/operations/eXV2YW4tY3JlYXRpb25zLXdlYnNpdGUvYXNpYS1zb3V0aDEvYmFja2VuZC9ZVWVBdnVsLXl2UQ {"name":"operations/eXV2YW4tY3JlYXRpb25zLXdlYnNpdGUvYXNpYS1zb3V0aDEvYmFja2VuZC9ZVWVBdnVsLXl2UQ","metadata":{"@type":"type.googleapis.com/google.cloud.functions.v1.OperationMetadataV1","target":"projects/yuvan-creations-website/locations/asia-south1/functions/backend","type":"UPDATE_FUNCTION","request":{"@type":"type.googleapis.com/google.cloud.functions.v1.CloudFunction","name":"projects/yuvan-creations-website/locations/asia-south1/functions/backend","httpsTrigger":{"url":"https://asia-south1-yuvan-creations-website.cloudfunctions.net/backend","securityLevel":"SECURE_ALWAYS"},"status":"ACTIVE","entryPoint":"backend","updateTime":"2026-03-10T19:14:39.044Z","versionId":"1","labels":{"deployment-tool":"cli-firebase","firebase-functions-hash":"bdc3db461dfa22b304dcf2977332ad2bd01cd9ed"},"sourceUploadUrl":"https://storage.googleapis.com/uploads-580126164463.asia-south1.cloudfunctions.appspot.com/9813aa00-6f49-48f1-b0b2-8620e73d4e50.zip?GoogleAccessId=service-540062439412@gcf-admin-robot.iam.gserviceaccount.com&Expires=1773173057&Signature=m4v7Bg7a5XbKLPObfsqLAhulK0Pks%2F2HC%2Fh30m5wsSd%2BvUvR8E4VN9MayLdijWhPjVFZ3NsoCyTb7WXcykbFn%2F80Ej3k7JGEmjvwIWPKRMXX6cdsLy2DXj8QpS1AqUH79RFAkLwTa8%2F1WVnJRg1599ysgJ0uYOZVgObKWLqp6Y5b3D9hKWDZcboXkhP7ZuVTwcMc%2BdhCs8CvqwZvCf8TlkWe2xymAakWaZaEYm2dtJtfsg%2BXH%2B4dxfjIg5Zfj%2BVSa0xTrBrsq9XLC2PaeEDvE5MineHz9%2Bq%2FxQmGwhQOJRlAlqSrBNZJR%2Bg9PRdsEGDdxCUlK9m3QeYkSjLSLwmzlA%3D%3D","environmentVariables":{"APP_PORT":"5000","PHONEPE_MERCHANT_ID":"M236G5A568PSU","PHONEPE_SALT_KEY":"76108613-904e-486e-ac7f-e8a149736bfc","PHONEPE_SALT_INDEX":"1","PHONEPE_HOST":"https://api.phonepe.com/apis/hermes","PHONEPE_ENV":"production","PHONEPE_CLIENT_ID":"SU2510011750401548106040","PHONEPE_CLIENT_SECRET":"76108613-904e-486e-ac7f-e8a149736bfc","PHONEPE_CLIENT_VERSION":"1","PHONEPE_AUTH_URL":"https://api.phonepe.com/apis/identity-manager/v1/oauth/token","PHONEPE_PG_BASE_URL":"https://api.phonepe.com/apis/pg","PHONEPE_ORDER_EXPIRE_AFTER":"600","PHONEPE_PAYMENT_MESSAGE":"Secure payment for Yuvan Creations","FRONTEND_URL":"https://yuvancreations.github.io/yuvancreations","BACKEND_PUBLIC_URL":"https://asia-south1-yuvan-creations-website.cloudfunctions.net/backend","BACKEND_URL":"https://asia-south1-yuvan-creations-website.cloudfunctions.net/backend","FIREBASE_CONFIG":"{\"projectId\":\"yuvan-creations-website\",\"storageBucket\":\"yuvan-creations-website.firebasestorage.app\"}","GCLOUD_PROJECT":"yuvan-creations-website","EVENTARC_CLOUD_EVENT_SOURCE":"projects/yuvan-creations-website/locations/asia-south1/functions/backend"},"runtime":"nodejs20","buildId":"2aa9809e-0b47-461e-8c62-8126415fc5a6","buildEnvironmentVariables":{"GOOGLE_NODE_RUN_SCRIPTS":""},"buildName":"projects/540062439412/locations/asia-south1/builds/2aa9809e-0b47-461e-8c62-8126415fc5a6","dockerRegistry":"ARTIFACT_REGISTRY","automaticUpdatePolicy":{},"buildServiceAccount":"projects/yuvan-creations-website/serviceAccounts/540062439412-compute@developer.gserviceaccount.com"},"versionId":"2","updateTime":"2026-03-10T19:34:19Z","buildId":"86aca2a3-074f-4fd9-9103-319ab25bc781","buildName":"projects/540062439412/locations/asia-south1/builds/86aca2a3-074f-4fd9-9103-319ab25bc781"}}
[debug] [2026-03-10T19:34:32.259Z] [update-default-asia-south1-backend] Retrying task index 0
[debug] [2026-03-10T19:34:32.260Z] Checked if tokens are valid: true, expires at: 1773173063525
[debug] [2026-03-10T19:34:32.261Z] Checked if tokens are valid: true, expires at: 1773173063525
[debug] [2026-03-10T19:34:32.261Z] >>> [apiv2][query] GET https://cloudfunctions.googleapis.com/v1/operations/eXV2YW4tY3JlYXRpb25zLXdlYnNpdGUvYXNpYS1zb3V0aDEvYmFja2VuZC9ZVWVBdnVsLXl2UQ [none]
[debug] [2026-03-10T19:34:32.643Z] <<< [apiv2][status] GET https://cloudfunctions.googleapis.com/v1/operations/eXV2YW4tY3JlYXRpb25zLXdlYnNpdGUvYXNpYS1zb3V0aDEvYmFja2VuZC9ZVWVBdnVsLXl2UQ 200
[debug] [2026-03-10T19:34:32.643Z] <<< [apiv2][body] GET https://cloudfunctions.googleapis.com/v1/operations/eXV2YW4tY3JlYXRpb25zLXdlYnNpdGUvYXNpYS1zb3V0aDEvYmFja2VuZC9ZVWVBdnVsLXl2UQ {"name":"operations/eXV2YW4tY3JlYXRpb25zLXdlYnNpdGUvYXNpYS1zb3V0aDEvYmFja2VuZC9ZVWVBdnVsLXl2UQ","metadata":{"@type":"type.googleapis.com/google.cloud.functions.v1.OperationMetadataV1","target":"projects/yuvan-creations-website/locations/asia-south1/functions/backend","type":"UPDATE_FUNCTION","request":{"@type":"type.googleapis.com/google.cloud.functions.v1.CloudFunction","name":"projects/yuvan-creations-website/locations/asia-south1/functions/backend","httpsTrigger":{"url":"https://asia-south1-yuvan-creations-website.cloudfunctions.net/backend","securityLevel":"SECURE_ALWAYS"},"status":"ACTIVE","entryPoint":"backend","updateTime":"2026-03-10T19:14:39.044Z","versionId":"1","labels":{"deployment-tool":"cli-firebase","firebase-functions-hash":"bdc3db461dfa22b304dcf2977332ad2bd01cd9ed"},"sourceUploadUrl":"https://storage.googleapis.com/uploads-580126164463.asia-south1.cloudfunctions.appspot.com/9813aa00-6f49-48f1-b0b2-8620e73d4e50.zip?GoogleAccessId=service-540062439412@gcf-admin-robot.iam.gserviceaccount.com&Expires=1773173057&Signature=m4v7Bg7a5XbKLPObfsqLAhulK0Pks%2F2HC%2Fh30m5wsSd%2BvUvR8E4VN9MayLdijWhPjVFZ3NsoCyTb7WXcykbFn%2F80Ej3k7JGEmjvwIWPKRMXX6cdsLy2DXj8QpS1AqUH79RFAkLwTa8%2F1WVnJRg1599ysgJ0uYOZVgObKWLqp6Y5b3D9hKWDZcboXkhP7ZuVTwcMc%2BdhCs8CvqwZvCf8TlkWe2xymAakWaZaEYm2dtJtfsg%2BXH%2B4dxfjIg5Zfj%2BVSa0xTrBrsq9XLC2PaeEDvE5MineHz9%2Bq%2FxQmGwhQOJRlAlqSrBNZJR%2Bg9PRdsEGDdxCUlK9m3QeYkSjLSLwmzlA%3D%3D","environmentVariables":{"APP_PORT":"5000","PHONEPE_MERCHANT_ID":"M236G5A568PSU","PHONEPE_SALT_KEY":"76108613-904e-486e-ac7f-e8a149736bfc","PHONEPE_SALT_INDEX":"1","PHONEPE_HOST":"https://api.phonepe.com/apis/hermes","PHONEPE_ENV":"production","PHONEPE_CLIENT_ID":"SU2510011750401548106040","PHONEPE_CLIENT_SECRET":"76108613-904e-486e-ac7f-e8a149736bfc","PHONEPE_CLIENT_VERSION":"1","PHONEPE_AUTH_URL":"https://api.phonepe.com/apis/identity-manager/v1/oauth/token","PHONEPE_PG_BASE_URL":"https://api.phonepe.com/apis/pg","PHONEPE_ORDER_EXPIRE_AFTER":"600","PHONEPE_PAYMENT_MESSAGE":"Secure payment for Yuvan Creations","FRONTEND_URL":"https://yuvancreations.github.io/yuvancreations","BACKEND_PUBLIC_URL":"https://asia-south1-yuvan-creations-website.cloudfunctions.net/backend","BACKEND_URL":"https://asia-south1-yuvan-creations-website.cloudfunctions.net/backend","FIREBASE_CONFIG":"{\"projectId\":\"yuvan-creations-website\",\"storageBucket\":\"yuvan-creations-website.firebasestorage.app\"}","GCLOUD_PROJECT":"yuvan-creations-website","EVENTARC_CLOUD_EVENT_SOURCE":"projects/yuvan-creations-website/locations/asia-south1/functions/backend"},"runtime":"nodejs20","buildId":"2aa9809e-0b47-461e-8c62-8126415fc5a6","buildEnvironmentVariables":{"GOOGLE_NODE_RUN_SCRIPTS":""},"buildName":"projects/540062439412/locations/asia-south1/builds/2aa9809e-0b47-461e-8c62-8126415fc5a6","dockerRegistry":"ARTIFACT_REGISTRY","automaticUpdatePolicy":{},"buildServiceAccount":"projects/yuvan-creations-website/serviceAccounts/540062439412-compute@developer.gserviceaccount.com"},"versionId":"2","updateTime":"2026-03-10T19:34:19Z","buildId":"86aca2a3-074f-4fd9-9103-319ab25bc781","buildName":"projects/540062439412/locations/asia-south1/builds/86aca2a3-074f-4fd9-9103-319ab25bc781"}}
[debug] [2026-03-10T19:34:42.644Z] [update-default-asia-south1-backend] Retrying task index 0
[debug] [2026-03-10T19:34:42.644Z] Checked if tokens are valid: true, expires at: 1773173063525
[debug] [2026-03-10T19:34:42.645Z] Checked if tokens are valid: true, expires at: 1773173063525
[debug] [2026-03-10T19:34:42.646Z] >>> [apiv2][query] GET https://cloudfunctions.googleapis.com/v1/operations/eXV2YW4tY3JlYXRpb25zLXdlYnNpdGUvYXNpYS1zb3V0aDEvYmFja2VuZC9ZVWVBdnVsLXl2UQ [none]
[debug] [2026-03-10T19:34:42.991Z] <<< [apiv2][status] GET https://cloudfunctions.googleapis.com/v1/operations/eXV2YW4tY3JlYXRpb25zLXdlYnNpdGUvYXNpYS1zb3V0aDEvYmFja2VuZC9ZVWVBdnVsLXl2UQ 200
[debug] [2026-03-10T19:34:42.991Z] <<< [apiv2][body] GET https://cloudfunctions.googleapis.com/v1/operations/eXV2YW4tY3JlYXRpb25zLXdlYnNpdGUvYXNpYS1zb3V0aDEvYmFja2VuZC9ZVWVBdnVsLXl2UQ {"name":"operations/eXV2YW4tY3JlYXRpb25zLXdlYnNpdGUvYXNpYS1zb3V0aDEvYmFja2VuZC9ZVWVBdnVsLXl2UQ","metadata":{"@type":"type.googleapis.com/google.cloud.functions.v1.OperationMetadataV1","target":"projects/yuvan-creations-website/locations/asia-south1/functions/backend","type":"UPDATE_FUNCTION","request":{"@type":"type.googleapis.com/google.cloud.functions.v1.CloudFunction","name":"projects/yuvan-creations-website/locations/asia-south1/functions/backend","httpsTrigger":{"url":"https://asia-south1-yuvan-creations-website.cloudfunctions.net/backend","securityLevel":"SECURE_ALWAYS"},"status":"ACTIVE","entryPoint":"backend","updateTime":"2026-03-10T19:14:39.044Z","versionId":"1","labels":{"deployment-tool":"cli-firebase","firebase-functions-hash":"bdc3db461dfa22b304dcf2977332ad2bd01cd9ed"},"sourceUploadUrl":"https://storage.googleapis.com/uploads-580126164463.asia-south1.cloudfunctions.appspot.com/9813aa00-6f49-48f1-b0b2-8620e73d4e50.zip?GoogleAccessId=service-540062439412@gcf-admin-robot.iam.gserviceaccount.com&Expires=1773173057&Signature=m4v7Bg7a5XbKLPObfsqLAhulK0Pks%2F2HC%2Fh30m5wsSd%2BvUvR8E4VN9MayLdijWhPjVFZ3NsoCyTb7WXcykbFn%2F80Ej3k7JGEmjvwIWPKRMXX6cdsLy2DXj8QpS1AqUH79RFAkLwTa8%2F1WVnJRg1599ysgJ0uYOZVgObKWLqp6Y5b3D9hKWDZcboXkhP7ZuVTwcMc%2BdhCs8CvqwZvCf8TlkWe2xymAakWaZaEYm2dtJtfsg%2BXH%2B4dxfjIg5Zfj%2BVSa0xTrBrsq9XLC2PaeEDvE5MineHz9%2Bq%2FxQmGwhQOJRlAlqSrBNZJR%2Bg9PRdsEGDdxCUlK9m3QeYkSjLSLwmzlA%3D%3D","environmentVariables":{"APP_PORT":"5000","PHONEPE_MERCHANT_ID":"M236G5A568PSU","PHONEPE_SALT_KEY":"76108613-904e-486e-ac7f-e8a149736bfc","PHONEPE_SALT_INDEX":"1","PHONEPE_HOST":"https://api.phonepe.com/apis/hermes","PHONEPE_ENV":"production","PHONEPE_CLIENT_ID":"SU2510011750401548106040","PHONEPE_CLIENT_SECRET":"76108613-904e-486e-ac7f-e8a149736bfc","PHONEPE_CLIENT_VERSION":"1","PHONEPE_AUTH_URL":"https://api.phonepe.com/apis/identity-manager/v1/oauth/token","PHONEPE_PG_BASE_URL":"https://api.phonepe.com/apis/pg","PHONEPE_ORDER_EXPIRE_AFTER":"600","PHONEPE_PAYMENT_MESSAGE":"Secure payment for Yuvan Creations","FRONTEND_URL":"https://yuvancreations.github.io/yuvancreations","BACKEND_PUBLIC_URL":"https://asia-south1-yuvan-creations-website.cloudfunctions.net/backend","BACKEND_URL":"https://asia-south1-yuvan-creations-website.cloudfunctions.net/backend","FIREBASE_CONFIG":"{\"projectId\":\"yuvan-creations-website\",\"storageBucket\":\"yuvan-creations-website.firebasestorage.app\"}","GCLOUD_PROJECT":"yuvan-creations-website","EVENTARC_CLOUD_EVENT_SOURCE":"projects/yuvan-creations-website/locations/asia-south1/functions/backend"},"runtime":"nodejs20","buildId":"2aa9809e-0b47-461e-8c62-8126415fc5a6","buildEnvironmentVariables":{"GOOGLE_NODE_RUN_SCRIPTS":""},"buildName":"projects/540062439412/locations/asia-south1/builds/2aa9809e-0b47-461e-8c62-8126415fc5a6","dockerRegistry":"ARTIFACT_REGISTRY","automaticUpdatePolicy":{},"buildServiceAccount":"projects/yuvan-creations-website/serviceAccounts/540062439412-compute@developer.gserviceaccount.com"},"versionId":"2","updateTime":"2026-03-10T19:34:19Z","buildId":"86aca2a3-074f-4fd9-9103-319ab25bc781","buildName":"projects/540062439412/locations/asia-south1/builds/86aca2a3-074f-4fd9-9103-319ab25bc781"}}
[debug] [2026-03-10T19:34:53.006Z] [update-default-asia-south1-backend] Retrying task index 0
[debug] [2026-03-10T19:34:53.006Z] Checked if tokens are valid: true, expires at: 1773173063525
[debug] [2026-03-10T19:34:53.006Z] Checked if tokens are valid: true, expires at: 1773173063525
[debug] [2026-03-10T19:34:53.006Z] >>> [apiv2][query] GET https://cloudfunctions.googleapis.com/v1/operations/eXV2YW4tY3JlYXRpb25zLXdlYnNpdGUvYXNpYS1zb3V0aDEvYmFja2VuZC9ZVWVBdnVsLXl2UQ [none]
[debug] [2026-03-10T19:34:53.340Z] <<< [apiv2][status] GET https://cloudfunctions.googleapis.com/v1/operations/eXV2YW4tY3JlYXRpb25zLXdlYnNpdGUvYXNpYS1zb3V0aDEvYmFja2VuZC9ZVWVBdnVsLXl2UQ 200
[debug] [2026-03-10T19:34:53.341Z] <<< [apiv2][body] GET https://cloudfunctions.googleapis.com/v1/operations/eXV2YW4tY3JlYXRpb25zLXdlYnNpdGUvYXNpYS1zb3V0aDEvYmFja2VuZC9ZVWVBdnVsLXl2UQ {"name":"operations/eXV2YW4tY3JlYXRpb25zLXdlYnNpdGUvYXNpYS1zb3V0aDEvYmFja2VuZC9ZVWVBdnVsLXl2UQ","metadata":{"@type":"type.googleapis.com/google.cloud.functions.v1.OperationMetadataV1","target":"projects/yuvan-creations-website/locations/asia-south1/functions/backend","type":"UPDATE_FUNCTION","request":{"@type":"type.googleapis.com/google.cloud.functions.v1.CloudFunction","name":"projects/yuvan-creations-website/locations/asia-south1/functions/backend","httpsTrigger":{"url":"https://asia-south1-yuvan-creations-website.cloudfunctions.net/backend","securityLevel":"SECURE_ALWAYS"},"status":"ACTIVE","entryPoint":"backend","updateTime":"2026-03-10T19:14:39.044Z","versionId":"1","labels":{"deployment-tool":"cli-firebase","firebase-functions-hash":"bdc3db461dfa22b304dcf2977332ad2bd01cd9ed"},"sourceUploadUrl":"https://storage.googleapis.com/uploads-580126164463.asia-south1.cloudfunctions.appspot.com/9813aa00-6f49-48f1-b0b2-8620e73d4e50.zip?GoogleAccessId=service-540062439412@gcf-admin-robot.iam.gserviceaccount.com&Expires=1773173057&Signature=m4v7Bg7a5XbKLPObfsqLAhulK0Pks%2F2HC%2Fh30m5wsSd%2BvUvR8E4VN9MayLdijWhPjVFZ3NsoCyTb7WXcykbFn%2F80Ej3k7JGEmjvwIWPKRMXX6cdsLy2DXj8QpS1AqUH79RFAkLwTa8%2F1WVnJRg1599ysgJ0uYOZVgObKWLqp6Y5b3D9hKWDZcboXkhP7ZuVTwcMc%2BdhCs8CvqwZvCf8TlkWe2xymAakWaZaEYm2dtJtfsg%2BXH%2B4dxfjIg5Zfj%2BVSa0xTrBrsq9XLC2PaeEDvE5MineHz9%2Bq%2FxQmGwhQOJRlAlqSrBNZJR%2Bg9PRdsEGDdxCUlK9m3QeYkSjLSLwmzlA%3D%3D","environmentVariables":{"APP_PORT":"5000","PHONEPE_MERCHANT_ID":"M236G5A568PSU","PHONEPE_SALT_KEY":"76108613-904e-486e-ac7f-e8a149736bfc","PHONEPE_SALT_INDEX":"1","PHONEPE_HOST":"https://api.phonepe.com/apis/hermes","PHONEPE_ENV":"production","PHONEPE_CLIENT_ID":"SU2510011750401548106040","PHONEPE_CLIENT_SECRET":"76108613-904e-486e-ac7f-e8a149736bfc","PHONEPE_CLIENT_VERSION":"1","PHONEPE_AUTH_URL":"https://api.phonepe.com/apis/identity-manager/v1/oauth/token","PHONEPE_PG_BASE_URL":"https://api.phonepe.com/apis/pg","PHONEPE_ORDER_EXPIRE_AFTER":"600","PHONEPE_PAYMENT_MESSAGE":"Secure payment for Yuvan Creations","FRONTEND_URL":"https://yuvancreations.github.io/yuvancreations","BACKEND_PUBLIC_URL":"https://asia-south1-yuvan-creations-website.cloudfunctions.net/backend","BACKEND_URL":"https://asia-south1-yuvan-creations-website.cloudfunctions.net/backend","FIREBASE_CONFIG":"{\"projectId\":\"yuvan-creations-website\",\"storageBucket\":\"yuvan-creations-website.firebasestorage.app\"}","GCLOUD_PROJECT":"yuvan-creations-website","EVENTARC_CLOUD_EVENT_SOURCE":"projects/yuvan-creations-website/locations/asia-south1/functions/backend"},"runtime":"nodejs20","buildId":"2aa9809e-0b47-461e-8c62-8126415fc5a6","buildEnvironmentVariables":{"GOOGLE_NODE_RUN_SCRIPTS":""},"buildName":"projects/540062439412/locations/asia-south1/builds/2aa9809e-0b47-461e-8c62-8126415fc5a6","dockerRegistry":"ARTIFACT_REGISTRY","automaticUpdatePolicy":{},"buildServiceAccount":"projects/yuvan-creations-website/serviceAccounts/540062439412-compute@developer.gserviceaccount.com"},"versionId":"2","updateTime":"2026-03-10T19:34:19Z","buildId":"86aca2a3-074f-4fd9-9103-319ab25bc781","sourceToken":"cc71057e-3ff0-4ee2-b84e-9fc2626cc238","buildName":"projects/540062439412/locations/asia-south1/builds/86aca2a3-074f-4fd9-9103-319ab25bc781"}}
[debug] [2026-03-10T19:34:53.341Z] Got source token cc71057e-3ff0-4ee2-b84e-9fc2626cc238 for region asia-south1
[debug] [2026-03-10T19:35:03.350Z] [update-default-asia-south1-backend] Retrying task index 0
[debug] [2026-03-10T19:35:03.352Z] Checked if tokens are valid: true, expires at: 1773173063525
[debug] [2026-03-10T19:35:03.353Z] Checked if tokens are valid: true, expires at: 1773173063525
[debug] [2026-03-10T19:35:03.354Z] >>> [apiv2][query] GET https://cloudfunctions.googleapis.com/v1/operations/eXV2YW4tY3JlYXRpb25zLXdlYnNpdGUvYXNpYS1zb3V0aDEvYmFja2VuZC9ZVWVBdnVsLXl2UQ [none]
[debug] [2026-03-10T19:35:03.693Z] <<< [apiv2][status] GET https://cloudfunctions.googleapis.com/v1/operations/eXV2YW4tY3JlYXRpb25zLXdlYnNpdGUvYXNpYS1zb3V0aDEvYmFja2VuZC9ZVWVBdnVsLXl2UQ 200
[debug] [2026-03-10T19:35:03.693Z] <<< [apiv2][body] GET https://cloudfunctions.googleapis.com/v1/operations/eXV2YW4tY3JlYXRpb25zLXdlYnNpdGUvYXNpYS1zb3V0aDEvYmFja2VuZC9ZVWVBdnVsLXl2UQ {"name":"operations/eXV2YW4tY3JlYXRpb25zLXdlYnNpdGUvYXNpYS1zb3V0aDEvYmFja2VuZC9ZVWVBdnVsLXl2UQ","metadata":{"@type":"type.googleapis.com/google.cloud.functions.v1.OperationMetadataV1","target":"projects/yuvan-creations-website/locations/asia-south1/functions/backend","type":"UPDATE_FUNCTION","request":{"@type":"type.googleapis.com/google.cloud.functions.v1.CloudFunction","name":"projects/yuvan-creations-website/locations/asia-south1/functions/backend","httpsTrigger":{"url":"https://asia-south1-yuvan-creations-website.cloudfunctions.net/backend","securityLevel":"SECURE_ALWAYS"},"status":"ACTIVE","entryPoint":"backend","updateTime":"2026-03-10T19:14:39.044Z","versionId":"1","labels":{"deployment-tool":"cli-firebase","firebase-functions-hash":"bdc3db461dfa22b304dcf2977332ad2bd01cd9ed"},"sourceUploadUrl":"https://storage.googleapis.com/uploads-580126164463.asia-south1.cloudfunctions.appspot.com/9813aa00-6f49-48f1-b0b2-8620e73d4e50.zip?GoogleAccessId=service-540062439412@gcf-admin-robot.iam.gserviceaccount.com&Expires=1773173057&Signature=m4v7Bg7a5XbKLPObfsqLAhulK0Pks%2F2HC%2Fh30m5wsSd%2BvUvR8E4VN9MayLdijWhPjVFZ3NsoCyTb7WXcykbFn%2F80Ej3k7JGEmjvwIWPKRMXX6cdsLy2DXj8QpS1AqUH79RFAkLwTa8%2F1WVnJRg1599ysgJ0uYOZVgObKWLqp6Y5b3D9hKWDZcboXkhP7ZuVTwcMc%2BdhCs8CvqwZvCf8TlkWe2xymAakWaZaEYm2dtJtfsg%2BXH%2B4dxfjIg5Zfj%2BVSa0xTrBrsq9XLC2PaeEDvE5MineHz9%2Bq%2FxQmGwhQOJRlAlqSrBNZJR%2Bg9PRdsEGDdxCUlK9m3QeYkSjLSLwmzlA%3D%3D","environmentVariables":{"APP_PORT":"5000","PHONEPE_MERCHANT_ID":"M236G5A568PSU","PHONEPE_SALT_KEY":"76108613-904e-486e-ac7f-e8a149736bfc","PHONEPE_SALT_INDEX":"1","PHONEPE_HOST":"https://api.phonepe.com/apis/hermes","PHONEPE_ENV":"production","PHONEPE_CLIENT_ID":"SU2510011750401548106040","PHONEPE_CLIENT_SECRET":"76108613-904e-486e-ac7f-e8a149736bfc","PHONEPE_CLIENT_VERSION":"1","PHONEPE_AUTH_URL":"https://api.phonepe.com/apis/identity-manager/v1/oauth/token","PHONEPE_PG_BASE_URL":"https://api.phonepe.com/apis/pg","PHONEPE_ORDER_EXPIRE_AFTER":"600","PHONEPE_PAYMENT_MESSAGE":"Secure payment for Yuvan Creations","FRONTEND_URL":"https://yuvancreations.github.io/yuvancreations","BACKEND_PUBLIC_URL":"https://asia-south1-yuvan-creations-website.cloudfunctions.net/backend","BACKEND_URL":"https://asia-south1-yuvan-creations-website.cloudfunctions.net/backend","FIREBASE_CONFIG":"{\"projectId\":\"yuvan-creations-website\",\"storageBucket\":\"yuvan-creations-website.firebasestorage.app\"}","GCLOUD_PROJECT":"yuvan-creations-website","EVENTARC_CLOUD_EVENT_SOURCE":"projects/yuvan-creations-website/locations/asia-south1/functions/backend"},"runtime":"nodejs20","buildId":"2aa9809e-0b47-461e-8c62-8126415fc5a6","buildEnvironmentVariables":{"GOOGLE_NODE_RUN_SCRIPTS":""},"buildName":"projects/540062439412/locations/asia-south1/builds/2aa9809e-0b47-461e-8c62-8126415fc5a6","dockerRegistry":"ARTIFACT_REGISTRY","automaticUpdatePolicy":{},"buildServiceAccount":"projects/yuvan-creations-website/serviceAccounts/540062439412-compute@developer.gserviceaccount.com"},"versionId":"2","updateTime":"2026-03-10T19:34:19Z","buildId":"86aca2a3-074f-4fd9-9103-319ab25bc781","sourceToken":"cc71057e-3ff0-4ee2-b84e-9fc2626cc238","buildName":"projects/540062439412/locations/asia-south1/builds/86aca2a3-074f-4fd9-9103-319ab25bc781"}}
[debug] [2026-03-10T19:35:03.694Z] Got source token cc71057e-3ff0-4ee2-b84e-9fc2626cc238 for region asia-south1
[debug] [2026-03-10T19:35:13.703Z] [update-default-asia-south1-backend] Retrying task index 0
[debug] [2026-03-10T19:35:13.704Z] Checked if tokens are valid: true, expires at: 1773173063525
[debug] [2026-03-10T19:35:13.705Z] Checked if tokens are valid: true, expires at: 1773173063525
[debug] [2026-03-10T19:35:13.707Z] >>> [apiv2][query] GET https://cloudfunctions.googleapis.com/v1/operations/eXV2YW4tY3JlYXRpb25zLXdlYnNpdGUvYXNpYS1zb3V0aDEvYmFja2VuZC9ZVWVBdnVsLXl2UQ [none]
[debug] [2026-03-10T19:35:14.072Z] <<< [apiv2][status] GET https://cloudfunctions.googleapis.com/v1/operations/eXV2YW4tY3JlYXRpb25zLXdlYnNpdGUvYXNpYS1zb3V0aDEvYmFja2VuZC9ZVWVBdnVsLXl2UQ 200
[debug] [2026-03-10T19:35:14.073Z] <<< [apiv2][body] GET https://cloudfunctions.googleapis.com/v1/operations/eXV2YW4tY3JlYXRpb25zLXdlYnNpdGUvYXNpYS1zb3V0aDEvYmFja2VuZC9ZVWVBdnVsLXl2UQ {"name":"operations/eXV2YW4tY3JlYXRpb25zLXdlYnNpdGUvYXNpYS1zb3V0aDEvYmFja2VuZC9ZVWVBdnVsLXl2UQ","metadata":{"@type":"type.googleapis.com/google.cloud.functions.v1.OperationMetadataV1","target":"projects/yuvan-creations-website/locations/asia-south1/functions/backend","type":"UPDATE_FUNCTION","request":{"@type":"type.googleapis.com/google.cloud.functions.v1.CloudFunction","name":"projects/yuvan-creations-website/locations/asia-south1/functions/backend","httpsTrigger":{"url":"https://asia-south1-yuvan-creations-website.cloudfunctions.net/backend","securityLevel":"SECURE_ALWAYS"},"status":"ACTIVE","entryPoint":"backend","updateTime":"2026-03-10T19:14:39.044Z","versionId":"1","labels":{"deployment-tool":"cli-firebase","firebase-functions-hash":"bdc3db461dfa22b304dcf2977332ad2bd01cd9ed"},"sourceUploadUrl":"https://storage.googleapis.com/uploads-580126164463.asia-south1.cloudfunctions.appspot.com/9813aa00-6f49-48f1-b0b2-8620e73d4e50.zip?GoogleAccessId=service-540062439412@gcf-admin-robot.iam.gserviceaccount.com&Expires=1773173057&Signature=m4v7Bg7a5XbKLPObfsqLAhulK0Pks%2F2HC%2Fh30m5wsSd%2BvUvR8E4VN9MayLdijWhPjVFZ3NsoCyTb7WXcykbFn%2F80Ej3k7JGEmjvwIWPKRMXX6cdsLy2DXj8QpS1AqUH79RFAkLwTa8%2F1WVnJRg1599ysgJ0uYOZVgObKWLqp6Y5b3D9hKWDZcboXkhP7ZuVTwcMc%2BdhCs8CvqwZvCf8TlkWe2xymAakWaZaEYm2dtJtfsg%2BXH%2B4dxfjIg5Zfj%2BVSa0xTrBrsq9XLC2PaeEDvE5MineHz9%2Bq%2FxQmGwhQOJRlAlqSrBNZJR%2Bg9PRdsEGDdxCUlK9m3QeYkSjLSLwmzlA%3D%3D","environmentVariables":{"APP_PORT":"5000","PHONEPE_MERCHANT_ID":"M236G5A568PSU","PHONEPE_SALT_KEY":"76108613-904e-486e-ac7f-e8a149736bfc","PHONEPE_SALT_INDEX":"1","PHONEPE_HOST":"https://api.phonepe.com/apis/hermes","PHONEPE_ENV":"production","PHONEPE_CLIENT_ID":"SU2510011750401548106040","PHONEPE_CLIENT_SECRET":"76108613-904e-486e-ac7f-e8a149736bfc","PHONEPE_CLIENT_VERSION":"1","PHONEPE_AUTH_URL":"https://api.phonepe.com/apis/identity-manager/v1/oauth/token","PHONEPE_PG_BASE_URL":"https://api.phonepe.com/apis/pg","PHONEPE_ORDER_EXPIRE_AFTER":"600","PHONEPE_PAYMENT_MESSAGE":"Secure payment for Yuvan Creations","FRONTEND_URL":"https://yuvancreations.github.io/yuvancreations","BACKEND_PUBLIC_URL":"https://asia-south1-yuvan-creations-website.cloudfunctions.net/backend","BACKEND_URL":"https://asia-south1-yuvan-creations-website.cloudfunctions.net/backend","FIREBASE_CONFIG":"{\"projectId\":\"yuvan-creations-website\",\"storageBucket\":\"yuvan-creations-website.firebasestorage.app\"}","GCLOUD_PROJECT":"yuvan-creations-website","EVENTARC_CLOUD_EVENT_SOURCE":"projects/yuvan-creations-website/locations/asia-south1/functions/backend"},"runtime":"nodejs20","buildId":"2aa9809e-0b47-461e-8c62-8126415fc5a6","buildEnvironmentVariables":{"GOOGLE_NODE_RUN_SCRIPTS":""},"buildName":"projects/540062439412/locations/asia-south1/builds/2aa9809e-0b47-461e-8c62-8126415fc5a6","dockerRegistry":"ARTIFACT_REGISTRY","automaticUpdatePolicy":{},"buildServiceAccount":"projects/yuvan-creations-website/serviceAccounts/540062439412-compute@developer.gserviceaccount.com"},"versionId":"2","updateTime":"2026-03-10T19:35:12Z","buildId":"86aca2a3-074f-4fd9-9103-319ab25bc781","sourceToken":"cc71057e-3ff0-4ee2-b84e-9fc2626cc238","buildName":"projects/540062439412/locations/asia-south1/builds/86aca2a3-074f-4fd9-9103-319ab25bc781"},"done":true,"response":{"@type":"type.googleapis.com/google.cloud.functions.v1.CloudFunction","name":"projects/yuvan-creations-website/locations/asia-south1/functions/backend","httpsTrigger":{"url":"https://asia-south1-yuvan-creations-website.cloudfunctions.net/backend","securityLevel":"SECURE_ALWAYS"},"status":"ACTIVE","entryPoint":"backend","timeout":"60s","availableMemoryMb":256,"serviceAccountEmail":"yuvan-creations-website@appspot.gserviceaccount.com","updateTime":"2026-03-10T19:35:12.330Z","versionId":"2","labels":{"deployment-tool":"cli-firebase","firebase-functions-hash":"bdc3db461dfa22b304dcf2977332ad2bd01cd9ed"},"sourceUploadUrl":"https://storage.googleapis.com/uploads-580126164463.asia-south1.cloudfunctions.appspot.com/9813aa00-6f49-48f1-b0b2-8620e73d4e50.zip","environmentVariables":{"APP_PORT":"5000","PHONEPE_MERCHANT_ID":"M236G5A568PSU","PHONEPE_SALT_KEY":"76108613-904e-486e-ac7f-e8a149736bfc","PHONEPE_SALT_INDEX":"1","PHONEPE_HOST":"https://api.phonepe.com/apis/hermes","PHONEPE_ENV":"production","PHONEPE_CLIENT_ID":"SU2510011750401548106040","PHONEPE_CLIENT_SECRET":"76108613-904e-486e-ac7f-e8a149736bfc","PHONEPE_CLIENT_VERSION":"1","PHONEPE_AUTH_URL":"https://api.phonepe.com/apis/identity-manager/v1/oauth/token","PHONEPE_PG_BASE_URL":"https://api.phonepe.com/apis/pg","PHONEPE_ORDER_EXPIRE_AFTER":"600","PHONEPE_PAYMENT_MESSAGE":"Secure payment for Yuvan Creations","FRONTEND_URL":"https://yuvancreations.github.io/yuvancreations","BACKEND_PUBLIC_URL":"https://asia-south1-yuvan-creations-website.cloudfunctions.net/backend","BACKEND_URL":"https://asia-south1-yuvan-creations-website.cloudfunctions.net/backend","FIREBASE_CONFIG":"{\"projectId\":\"yuvan-creations-website\",\"storageBucket\":\"yuvan-creations-website.firebasestorage.app\"}","GCLOUD_PROJECT":"yuvan-creations-website","EVENTARC_CLOUD_EVENT_SOURCE":"projects/yuvan-creations-website/locations/asia-south1/functions/backend"},"runtime":"nodejs20","ingressSettings":"ALLOW_ALL","buildId":"86aca2a3-074f-4fd9-9103-319ab25bc781","buildEnvironmentVariables":{"GOOGLE_NODE_RUN_SCRIPTS":""},"buildName":"projects/540062439412/locations/asia-south1/builds/86aca2a3-074f-4fd9-9103-319ab25bc781","dockerRegistry":"ARTIFACT_REGISTRY","automaticUpdatePolicy":{},"buildServiceAccount":"projects/yuvan-creations-website/serviceAccounts/540062439412-compute@developer.gserviceaccount.com"}}
[debug] [2026-03-10T19:35:14.073Z] Got source token cc71057e-3ff0-4ee2-b84e-9fc2626cc238 for region asia-south1
[info] +  functions[backend(asia-south1)] Successful update operation. 
[debug] [2026-03-10T19:35:14.076Z] Total Function Deployment time: 59548
[debug] [2026-03-10T19:35:14.076Z] 1 Functions Deployed
[debug] [2026-03-10T19:35:14.076Z] 0 Functions Errored
[debug] [2026-03-10T19:35:14.076Z] 0 Function Deployments Aborted
[debug] [2026-03-10T19:35:14.077Z] Average Function Deployment time: 59547
[info] Function URL (backend(asia-south1)): https://asia-south1-yuvan-creations-website.cloudfunctions.net/backend
[debug] [2026-03-10T19:35:14.327Z] Checked if tokens are valid: true, expires at: 1773173063525
[debug] [2026-03-10T19:35:14.327Z] Checked if tokens are valid: true, expires at: 1773173063525
[debug] [2026-03-10T19:35:14.327Z] >>> [apiv2][query] GET https://artifactregistry.googleapis.com/v1/projects/yuvan-creations-website/locations/asia-south1/repositories/gcf-artifacts [none]
[debug] [2026-03-10T19:35:14.964Z] <<< [apiv2][status] GET https://artifactregistry.googleapis.com/v1/projects/yuvan-creations-website/locations/asia-south1/repositories/gcf-artifacts 200
[debug] [2026-03-10T19:35:14.964Z] <<< [apiv2][body] GET https://artifactregistry.googleapis.com/v1/projects/yuvan-creations-website/locations/asia-south1/repositories/gcf-artifacts {"name":"projects/yuvan-creations-website/locations/asia-south1/repositories/gcf-artifacts","format":"DOCKER","description":"This repository is created and used by Cloud Functions for storing function docker images.","labels":{"goog-managed-by":"cloudfunctions"},"createTime":"2026-03-10T19:12:41.746957Z","updateTime":"2026-03-10T19:34:49.619607Z","mode":"STANDARD_REPOSITORY","cleanupPolicies":{"firebase-functions-cleanup":{"id":"firebase-functions-cleanup","action":"DELETE","condition":{"tagState":"ANY","olderThan":"86400s"}}},"sizeBytes":"532151375","satisfiesPzs":true,"vulnerabilityScanningConfig":{"lastEnableTime":"2026-03-10T19:12:24.871013119Z","enablementState":"SCANNING_DISABLED","enablementStateReason":"API containerscanning.googleapis.com is not enabled."},"satisfiesPzi":true,"registryUri":"asia-south1-docker.pkg.dev/yuvan-creations-website/gcf-artifacts"}
[info] 
[info] +  Deploy complete! 
[info] 
[info] Project Console: https://console.firebase.google.com/project/yuvan-creations-website/overview
